[03Jan2025 00:00:55.053] [Server thread/INFO] [net.minecraft.server.MinecraftServer/]: [Maufer772: Set own game mode to Spectator Mode]
[03Jan2025 00:00:55.142] [Server thread/INFO] [net.minecraft.server.MinecraftServer/]: [Topy_16: Set own game mode to Spectator Mode]
[03Jan2025 00:01:09.990] [Server thread/INFO] [net.minecraft.server.MinecraftServer/]: JAUZAMETT was slain by The Damned
[03Jan2025 00:01:16.801] [Server thread/INFO] [net.minecraft.server.MinecraftServer/]: [Maufer772: Set own game mode to Survival Mode]
[03Jan2025 00:01:19.591] [Server thread/INFO] [net.minecraft.server.MinecraftServer/]: [Topy_16: Set own game mode to Survival Mode]
[03Jan2025 00:04:22.890] [Server thread/INFO] [net.minecraft.server.MinecraftServer/]: JAUZAMETT withered away
[03Jan2025 00:05:56.943] [Server thread/INFO] [net.minecraft.server.MinecraftServer/]: [Topy_16: Set own game mode to Creative Mode]
[03Jan2025 00:06:21.195] [Server thread/INFO] [net.minecraft.server.network.ServerGamePacketListenerImpl/]: Topy_16 lost connection: Timed out
[03Jan2025 00:06:21.196] [Server thread/INFO] [net.minecraft.server.MinecraftServer/]: Topy_16 left the game
[03Jan2025 00:07:01.288] [Server thread/INFO] [net.minecraft.server.network.ServerGamePacketListenerImpl/]: Maufer772 lost connection: Disconnected
[03Jan2025 00:07:01.289] [Server thread/INFO] [net.minecraft.server.MinecraftServer/]: Maufer772 left the game
[03Jan2025 00:09:57.387] [Server thread/INFO] [net.minecraft.server.network.ServerGamePacketListenerImpl/]: JAUZAMETT lost connection: Disconnected
[03Jan2025 00:09:57.388] [Server thread/INFO] [net.minecraft.server.MinecraftServer/]: JAUZAMETT left the game
[03Jan2025 00:09:57.435] [Server thread/WARN] [net.minecraft.network.Connection/]: handleDisconnection() called twice
[03Jan2025 00:10:05.680] [Server thread/INFO] [net.minecraft.server.MinecraftServer/]: Stopping the server
[03Jan2025 00:10:05.729] [Server thread/INFO] [net.minecraft.server.MinecraftServer/]: Stopping server
[03Jan2025 00:10:05.729] [Server thread/INFO] [net.minecraft.server.MinecraftServer/]: Saving players
[03Jan2025 00:10:05.729] [Server thread/INFO] [net.minecraft.server.MinecraftServer/]: Saving worlds
[03Jan2025 00:10:05.886] [Server thread/INFO] [net.minecraft.server.MinecraftServer/]: Saving chunks for level 'ServerLevel[world]'/minecraft:overworld
[03Jan2025 00:10:06.148] [Server thread/INFO] [net.minecraft.server.MinecraftServer/]: Saving chunks for level 'ServerLevel[world]'/twilightforest:twilight_forest
[03Jan2025 00:10:06.150] [Server thread/INFO] [net.minecraft.server.MinecraftServer/]: Saving chunks for level 'ServerLevel[world]'/minecraft:the_nether
[03Jan2025 00:10:06.153] [Server thread/INFO] [net.minecraft.server.MinecraftServer/]: Saving chunks for level 'ServerLevel[world]'/minecraft:the_end
[03Jan2025 00:10:06.154] [Server thread/INFO] [net.minecraft.server.MinecraftServer/]: Saving chunks for level 'ServerLevel[world]'/graveyard:past
[03Jan2025 00:10:06.263] [Server thread/INFO] [net.minecraft.server.MinecraftServer/]: ThreadedAnvilChunkStorage (world): All chunks are saved
[03Jan2025 00:10:06.263] [Server thread/INFO] [net.minecraft.server.MinecraftServer/]: ThreadedAnvilChunkStorage (twilight_forest): All chunks are saved
[03Jan2025 00:10:06.264] [Server thread/INFO] [net.minecraft.server.MinecraftServer/]: ThreadedAnvilChunkStorage (DIM-1): All chunks are saved
[03Jan2025 00:10:06.264] [Server thread/INFO] [net.minecraft.server.MinecraftServer/]: ThreadedAnvilChunkStorage (DIM1): All chunks are saved
[03Jan2025 00:10:06.264] [Server thread/INFO] [net.minecraft.server.MinecraftServer/]: ThreadedAnvilChunkStorage (past): All chunks are saved
[03Jan2025 00:10:06.264] [Server thread/INFO] [net.minecraft.server.MinecraftServer/]: ThreadedAnvilChunkStorage: All dimensions are saved
[03Jan2025 00:10:06.369] [Server thread/INFO] [Framework/]: Unloading server configs...
[03Jan2025 00:10:06.370] [Server thread/INFO] [Framework/]: Sending config unload event for goblintraders-entities.toml
[03Jan2025 00:10:06.372] [Server thread/INFO] [journeymap/]: Loading JourneyMap Forge Configs
